<?xml version="1.0" encoding="UTF-8"?>
<!-- Generated by org.testng.reporters.JUnitXMLReporter -->
<testsuite ignored="5" hostname="DESKTOP-M1JTLAH" failures="0" tests="1" name="Default test" time="29.316" errors="0" timestamp="2022-08-02T23:04:36 IST">
  <testcase classname="com.bridgelabz.selenium.Action_Class_Methods" name="gmail_contextClickDemo_mailArchive" time="23.512"/>
  <testcase classname="com.bridgelabz.selenium.Action_Class_Methods" name="test" time="0.0">
    <ignored/>
  </testcase> <!-- test -->
  <testcase classname="com.bridgelabz.selenium.Action_Class_Methods" name="MouseHover" time="0.0">
    <ignored/>
  </testcase> <!-- MouseHover -->
  <testcase classname="com.bridgelabz.selenium.Action_Class_Methods" name="moveToElement" time="0.0">
    <ignored/>
  </testcase> <!-- moveToElement -->
  <testcase classname="com.bridgelabz.selenium.Action_Class_Methods" name="dragAndDrop" time="0.0">
    <ignored/>
  </testcase> <!-- dragAndDrop -->
  <testcase classname="com.bridgelabz.selenium.Action_Class_Methods" name="DropDown" time="0.0">
    <ignored/>
  </testcase> <!-- DropDown -->
</testsuite> <!-- Default test -->
